<?xml version="1.0" encoding="UTF-8"?>
<testsuite xmlns:xsi="http://www.w3.org/2001/XMLSchema-instance" xsi:noNamespaceSchemaLocation="https://maven.apache.org/surefire/maven-surefire-plugin/xsd/surefire-test-report-3.0.xsd" version="3.0" name="com.securitease.api.CountriesApiTest" time="10.742" tests="3" errors="0" skipped="0" failures="1">
  <properties>
    <property name="sun.desktop" value="windows"/>
    <property name="awt.toolkit" value="sun.awt.windows.WToolkit"/>
    <property name="java.specification.version" value="11"/>
    <property name="sun.cpu.isalist" value="amd64"/>
    <property name="sun.jnu.encoding" value="Cp1252"/>
    <property name="java.class.path" value="C:\Users\Nykster!\Documents\securitease-backend-assessment\target\test-classes;C:\Users\Nykster!\Documents\securitease-backend-assessment\target\classes;C:\maven-repo\io\rest-assured\rest-assured\5.3.0\rest-assured-5.3.0.jar;C:\maven-repo\org\apache\groovy\groovy\4.0.6\groovy-4.0.6.jar;C:\maven-repo\org\apache\groovy\groovy-xml\4.0.6\groovy-xml-4.0.6.jar;C:\maven-repo\org\apache\httpcomponents\httpclient\4.5.13\httpclient-4.5.13.jar;C:\maven-repo\org\apache\httpcomponents\httpcore\4.4.13\httpcore-4.4.13.jar;C:\maven-repo\commons-logging\commons-logging\1.2\commons-logging-1.2.jar;C:\maven-repo\commons-codec\commons-codec\1.11\commons-codec-1.11.jar;C:\maven-repo\org\apache\httpcomponents\httpmime\4.5.13\httpmime-4.5.13.jar;C:\maven-repo\org\hamcrest\hamcrest\2.1\hamcrest-2.1.jar;C:\maven-repo\org\ccil\cowan\tagsoup\tagsoup\1.2.1\tagsoup-1.2.1.jar;C:\maven-repo\io\rest-assured\json-path\5.3.0\json-path-5.3.0.jar;C:\maven-repo\org\apache\groovy\groovy-json\4.0.6\groovy-json-4.0.6.jar;C:\maven-repo\io\rest-assured\rest-assured-common\5.3.0\rest-assured-common-5.3.0.jar;C:\maven-repo\io\rest-assured\xml-path\5.3.0\xml-path-5.3.0.jar;C:\maven-repo\org\apache\commons\commons-lang3\3.11\commons-lang3-3.11.jar;C:\maven-repo\org\junit\jupiter\junit-jupiter-engine\5.9.2\junit-jupiter-engine-5.9.2.jar;C:\maven-repo\org\junit\platform\junit-platform-engine\1.9.2\junit-platform-engine-1.9.2.jar;C:\maven-repo\org\opentest4j\opentest4j\1.2.0\opentest4j-1.2.0.jar;C:\maven-repo\org\junit\platform\junit-platform-commons\1.9.2\junit-platform-commons-1.9.2.jar;C:\maven-repo\org\junit\jupiter\junit-jupiter-api\5.9.2\junit-jupiter-api-5.9.2.jar;C:\maven-repo\org\apiguardian\apiguardian-api\1.1.2\apiguardian-api-1.1.2.jar;C:\maven-repo\io\rest-assured\json-schema-validator\5.3.0\json-schema-validator-5.3.0.jar;C:\maven-repo\com\github\java-json-tools\json-schema-validator\2.2.14\json-schema-validator-2.2.14.jar;C:\maven-repo\com\google\guava\guava\28.2-android\guava-28.2-android.jar;C:\maven-repo\com\google\guava\failureaccess\1.0.1\failureaccess-1.0.1.jar;C:\maven-repo\com\google\guava\listenablefuture\9999.0-empty-to-avoid-conflict-with-guava\listenablefuture-9999.0-empty-to-avoid-conflict-with-guava.jar;C:\maven-repo\org\checkerframework\checker-compat-qual\2.5.5\checker-compat-qual-2.5.5.jar;C:\maven-repo\com\google\errorprone\error_prone_annotations\2.3.4\error_prone_annotations-2.3.4.jar;C:\maven-repo\com\google\j2objc\j2objc-annotations\1.3\j2objc-annotations-1.3.jar;C:\maven-repo\com\github\java-json-tools\jackson-coreutils-equivalence\1.0\jackson-coreutils-equivalence-1.0.jar;C:\maven-repo\com\fasterxml\jackson\core\jackson-databind\2.11.0\jackson-databind-2.11.0.jar;C:\maven-repo\com\fasterxml\jackson\core\jackson-annotations\2.11.0\jackson-annotations-2.11.0.jar;C:\maven-repo\com\fasterxml\jackson\core\jackson-core\2.11.0\jackson-core-2.11.0.jar;C:\maven-repo\com\github\java-json-tools\jackson-coreutils\2.0\jackson-coreutils-2.0.jar;C:\maven-repo\com\github\java-json-tools\msg-simple\1.2\msg-simple-1.2.jar;C:\maven-repo\com\github\java-json-tools\btf\1.3\btf-1.3.jar;C:\maven-repo\com\github\java-json-tools\json-schema-core\1.2.14\json-schema-core-1.2.14.jar;C:\maven-repo\com\github\java-json-tools\uri-template\0.10\uri-template-0.10.jar;C:\maven-repo\org\mozilla\rhino\1.7.7.2\rhino-1.7.7.2.jar;C:\maven-repo\com\sun\mail\mailapi\1.6.2\mailapi-1.6.2.jar;C:\maven-repo\joda-time\joda-time\2.10.5\joda-time-2.10.5.jar;C:\maven-repo\com\googlecode\libphonenumber\libphonenumber\8.11.1\libphonenumber-8.11.1.jar;C:\maven-repo\com\google\code\findbugs\jsr305\3.0.2\jsr305-3.0.2.jar;C:\maven-repo\net\sf\jopt-simple\jopt-simple\5.0.4\jopt-simple-5.0.4.jar;C:\maven-repo\io\qameta\allure\allure-junit5\2.21.0\allure-junit5-2.21.0.jar;C:\maven-repo\io\qameta\allure\allure-junit-platform\2.21.0\allure-junit-platform-2.21.0.jar;C:\maven-repo\io\qameta\allure\allure-java-commons\2.21.0\allure-java-commons-2.21.0.jar;C:\maven-repo\io\qameta\allure\allure-model\2.21.0\allure-model-2.21.0.jar;C:\maven-repo\io\qameta\allure\allure-test-filter\2.21.0\allure-test-filter-2.21.0.jar;C:\maven-repo\org\junit\platform\junit-platform-launcher\1.8.2\junit-platform-launcher-1.8.2.jar;C:\maven-repo\io\qameta\allure\allure-rest-assured\2.21.0\allure-rest-assured-2.21.0.jar;C:\maven-repo\io\qameta\allure\allure-attachments\2.21.0\allure-attachments-2.21.0.jar;C:\maven-repo\org\freemarker\freemarker\2.3.31\freemarker-2.3.31.jar;C:\maven-repo\org\slf4j\slf4j-simple\2.0.7\slf4j-simple-2.0.7.jar;C:\maven-repo\org\slf4j\slf4j-api\2.0.7\slf4j-api-2.0.7.jar;"/>
    <property name="java.vm.vendor" value="Amazon.com Inc."/>
    <property name="sun.arch.data.model" value="64"/>
    <property name="user.variant" value=""/>
    <property name="java.vendor.url" value="https://aws.amazon.com/corretto/"/>
    <property name="user.timezone" value="America/Chicago"/>
    <property name="java.vm.specification.version" value="11"/>
    <property name="os.name" value="Windows 11"/>
    <property name="sun.java.launcher" value="SUN_STANDARD"/>
    <property name="user.country" value="US"/>
    <property name="sun.boot.library.path" value="C:\Program Files\Amazon Corretto\jdk11.0.28_6\bin"/>
    <property name="sun.java.command" value="C:\Users\Nykster!\AppData\Local\Temp\surefire7275999622014262119\surefirebooter15527636128369242579.jar C:\Users\Nykster!\AppData\Local\Temp\surefire7275999622014262119 2025-08-31T10-11-50_738-jvmRun1 surefire6987550025811802545tmp surefire_0733529528536194142tmp"/>
    <property name="jdk.debug" value="release"/>
    <property name="surefire.test.class.path" value="C:\Users\Nykster!\Documents\securitease-backend-assessment\target\test-classes;C:\Users\Nykster!\Documents\securitease-backend-assessment\target\classes;C:\maven-repo\io\rest-assured\rest-assured\5.3.0\rest-assured-5.3.0.jar;C:\maven-repo\org\apache\groovy\groovy\4.0.6\groovy-4.0.6.jar;C:\maven-repo\org\apache\groovy\groovy-xml\4.0.6\groovy-xml-4.0.6.jar;C:\maven-repo\org\apache\httpcomponents\httpclient\4.5.13\httpclient-4.5.13.jar;C:\maven-repo\org\apache\httpcomponents\httpcore\4.4.13\httpcore-4.4.13.jar;C:\maven-repo\commons-logging\commons-logging\1.2\commons-logging-1.2.jar;C:\maven-repo\commons-codec\commons-codec\1.11\commons-codec-1.11.jar;C:\maven-repo\org\apache\httpcomponents\httpmime\4.5.13\httpmime-4.5.13.jar;C:\maven-repo\org\hamcrest\hamcrest\2.1\hamcrest-2.1.jar;C:\maven-repo\org\ccil\cowan\tagsoup\tagsoup\1.2.1\tagsoup-1.2.1.jar;C:\maven-repo\io\rest-assured\json-path\5.3.0\json-path-5.3.0.jar;C:\maven-repo\org\apache\groovy\groovy-json\4.0.6\groovy-json-4.0.6.jar;C:\maven-repo\io\rest-assured\rest-assured-common\5.3.0\rest-assured-common-5.3.0.jar;C:\maven-repo\io\rest-assured\xml-path\5.3.0\xml-path-5.3.0.jar;C:\maven-repo\org\apache\commons\commons-lang3\3.11\commons-lang3-3.11.jar;C:\maven-repo\org\junit\jupiter\junit-jupiter-engine\5.9.2\junit-jupiter-engine-5.9.2.jar;C:\maven-repo\org\junit\platform\junit-platform-engine\1.9.2\junit-platform-engine-1.9.2.jar;C:\maven-repo\org\opentest4j\opentest4j\1.2.0\opentest4j-1.2.0.jar;C:\maven-repo\org\junit\platform\junit-platform-commons\1.9.2\junit-platform-commons-1.9.2.jar;C:\maven-repo\org\junit\jupiter\junit-jupiter-api\5.9.2\junit-jupiter-api-5.9.2.jar;C:\maven-repo\org\apiguardian\apiguardian-api\1.1.2\apiguardian-api-1.1.2.jar;C:\maven-repo\io\rest-assured\json-schema-validator\5.3.0\json-schema-validator-5.3.0.jar;C:\maven-repo\com\github\java-json-tools\json-schema-validator\2.2.14\json-schema-validator-2.2.14.jar;C:\maven-repo\com\google\guava\guava\28.2-android\guava-28.2-android.jar;C:\maven-repo\com\google\guava\failureaccess\1.0.1\failureaccess-1.0.1.jar;C:\maven-repo\com\google\guava\listenablefuture\9999.0-empty-to-avoid-conflict-with-guava\listenablefuture-9999.0-empty-to-avoid-conflict-with-guava.jar;C:\maven-repo\org\checkerframework\checker-compat-qual\2.5.5\checker-compat-qual-2.5.5.jar;C:\maven-repo\com\google\errorprone\error_prone_annotations\2.3.4\error_prone_annotations-2.3.4.jar;C:\maven-repo\com\google\j2objc\j2objc-annotations\1.3\j2objc-annotations-1.3.jar;C:\maven-repo\com\github\java-json-tools\jackson-coreutils-equivalence\1.0\jackson-coreutils-equivalence-1.0.jar;C:\maven-repo\com\fasterxml\jackson\core\jackson-databind\2.11.0\jackson-databind-2.11.0.jar;C:\maven-repo\com\fasterxml\jackson\core\jackson-annotations\2.11.0\jackson-annotations-2.11.0.jar;C:\maven-repo\com\fasterxml\jackson\core\jackson-core\2.11.0\jackson-core-2.11.0.jar;C:\maven-repo\com\github\java-json-tools\jackson-coreutils\2.0\jackson-coreutils-2.0.jar;C:\maven-repo\com\github\java-json-tools\msg-simple\1.2\msg-simple-1.2.jar;C:\maven-repo\com\github\java-json-tools\btf\1.3\btf-1.3.jar;C:\maven-repo\com\github\java-json-tools\json-schema-core\1.2.14\json-schema-core-1.2.14.jar;C:\maven-repo\com\github\java-json-tools\uri-template\0.10\uri-template-0.10.jar;C:\maven-repo\org\mozilla\rhino\1.7.7.2\rhino-1.7.7.2.jar;C:\maven-repo\com\sun\mail\mailapi\1.6.2\mailapi-1.6.2.jar;C:\maven-repo\joda-time\joda-time\2.10.5\joda-time-2.10.5.jar;C:\maven-repo\com\googlecode\libphonenumber\libphonenumber\8.11.1\libphonenumber-8.11.1.jar;C:\maven-repo\com\google\code\findbugs\jsr305\3.0.2\jsr305-3.0.2.jar;C:\maven-repo\net\sf\jopt-simple\jopt-simple\5.0.4\jopt-simple-5.0.4.jar;C:\maven-repo\io\qameta\allure\allure-junit5\2.21.0\allure-junit5-2.21.0.jar;C:\maven-repo\io\qameta\allure\allure-junit-platform\2.21.0\allure-junit-platform-2.21.0.jar;C:\maven-repo\io\qameta\allure\allure-java-commons\2.21.0\allure-java-commons-2.21.0.jar;C:\maven-repo\io\qameta\allure\allure-model\2.21.0\allure-model-2.21.0.jar;C:\maven-repo\io\qameta\allure\allure-test-filter\2.21.0\allure-test-filter-2.21.0.jar;C:\maven-repo\org\junit\platform\junit-platform-launcher\1.8.2\junit-platform-launcher-1.8.2.jar;C:\maven-repo\io\qameta\allure\allure-rest-assured\2.21.0\allure-rest-assured-2.21.0.jar;C:\maven-repo\io\qameta\allure\allure-attachments\2.21.0\allure-attachments-2.21.0.jar;C:\maven-repo\org\freemarker\freemarker\2.3.31\freemarker-2.3.31.jar;C:\maven-repo\org\slf4j\slf4j-simple\2.0.7\slf4j-simple-2.0.7.jar;C:\maven-repo\org\slf4j\slf4j-api\2.0.7\slf4j-api-2.0.7.jar;"/>
    <property name="allure.results.directory" value="C:\Users\Nykster!\Documents\securitease-backend-assessment\target/allure-results"/>
    <property name="sun.cpu.endian" value="little"/>
    <property name="user.home" value="C:\Users\Nykster!"/>
    <property name="user.language" value="en"/>
    <property name="java.specification.vendor" value="Oracle Corporation"/>
    <property name="java.version.date" value="2025-07-15"/>
    <property name="java.home" value="C:\Program Files\Amazon Corretto\jdk11.0.28_6"/>
    <property name="file.separator" value="\"/>
    <property name="basedir" value="C:\Users\Nykster!\Documents\securitease-backend-assessment"/>
    <property name="java.vm.compressedOopsMode" value="Zero based"/>
    <property name="line.separator" value="&#10;"/>
    <property name="java.specification.name" value="Java Platform API Specification"/>
    <property name="java.vm.specification.vendor" value="Oracle Corporation"/>
    <property name="java.awt.graphicsenv" value="sun.awt.Win32GraphicsEnvironment"/>
    <property name="surefire.real.class.path" value="C:\Users\Nykster!\AppData\Local\Temp\surefire7275999622014262119\surefirebooter15527636128369242579.jar"/>
    <property name="user.script" value=""/>
    <property name="sun.management.compiler" value="HotSpot 64-Bit Tiered Compilers"/>
    <property name="java.runtime.version" value="11.0.28+6-LTS"/>
    <property name="user.name" value="Nykster!"/>
    <property name="path.separator" value=";"/>
    <property name="os.version" value="10.0"/>
    <property name="java.runtime.name" value="OpenJDK Runtime Environment"/>
    <property name="file.encoding" value="Cp1252"/>
    <property name="java.vm.name" value="OpenJDK 64-Bit Server VM"/>
    <property name="java.vendor.version" value="Corretto-11.0.28.6.1"/>
    <property name="localRepository" value="C:\maven-repo"/>
    <property name="java.vendor.url.bug" value="https://github.com/corretto/corretto-11/issues/"/>
    <property name="java.io.tmpdir" value="C:\Users\Nykster!\AppData\Local\Temp\"/>
    <property name="java.version" value="11.0.28"/>
    <property name="user.dir" value="C:\Users\Nykster!\Documents\securitease-backend-assessment"/>
    <property name="os.arch" value="amd64"/>
    <property name="java.vm.specification.name" value="Java Virtual Machine Specification"/>
    <property name="java.awt.printerjob" value="sun.awt.windows.WPrinterJob"/>
    <property name="sun.os.patch.level" value=""/>
    <property name="java.library.path" value="C:\Program Files\Amazon Corretto\jdk11.0.28_6\bin;C:\WINDOWS\Sun\Java\bin;C:\WINDOWS\system32;C:\WINDOWS;C:\Program Files\Amazon Corretto\jdk11.0.28_6\bin;C:\WINDOWS\system32;C:\WINDOWS;C:\WINDOWS\System32\Wbem;C:\Users\Nykster!\AppData\Local\Programs\Python\Python38\Scripts\;C:\Users\Nykster!\AppData\Local\Programs\Python\Python38;C:\WINDOWS\System32\WindowsPowerShell\v1.0\;C:\WINDOWS\System32\OpenSSH\;C:\Program Files\PuTTY\;C:\ProgramData\chocolatey\bin;C:\msys64\mingw64\bin;C:\Program Files\Git\cmd;C:\Users\Android\AppData\Local\Android\Sdk\platform-tools;ANDROID_HOME;C:\Program Files\nodejs\;C:\Program Files\Maven\apache-maven-3.9.11\bin;C:\allure\allure-2.34.1\bin;C:\Users\Nykster!\scoop\shims;C:\Users\Nykster!\AppData\Local\Programs\Python\Python38\Scripts\;C:\Users\Nykster!\AppData\Local\Programs\Python\Python38\;C:\Program Files\MySQL\MySQL Shell 8.0\bin\;C:\Users\Nykster!\AppData\Local\Microsoft\WindowsApps;C:\Program Files\JetBrains\PyCharm Community Edition 2024.1.4\bin;;C:\Users\Nykster!\AppData\Local\Programs\Microsoft VS Code\bin;C:\Program Files (x86)\GnuWin32\bin;C:\Dev-Cpp\bin;C:\Users\Nykster!\AppData\Local\Microsoft\WindowsApps\PythonSoftwareFoundation.Python.3.13_qbz5n2kfra8p0;C:\msys64\mingw64\bin;C:\Users\Nykster!\AppData\Local\Programs\Python\Python312\;C:\Users\Nykster!\AppData\Local\Programs\Python\Python312\Scripts\;C:\Users\Nykster!\AppData\Local\GitHubDesktop\bin;C:\Users\Nykster!\AppData\Local\Programs\cursor\resources\app\bin;C:\Users\Nykster!\AppData\Roaming\npm;c:\Users\Nykster!\AppData\Roaming\Code\User\globalStorage\github.copilot-chat\debugCommand;."/>
    <property name="java.vm.info" value="mixed mode"/>
    <property name="java.vendor" value="Amazon.com Inc."/>
    <property name="java.vm.version" value="11.0.28+6-LTS"/>
    <property name="java.specification.maintenance.version" value="3"/>
    <property name="sun.io.unicode.encoding" value="UnicodeLittle"/>
    <property name="java.class.version" value="55.0"/>
  </properties>
  <testcase name="testApiResponseConformsToSchema" classname="com.securitease.api.CountriesApiTest" time="5.781"/>
  <testcase name="testSouthAfricaIncludesSignLanguage" classname="com.securitease.api.CountriesApiTest" time="2.728">
    <failure type="java.lang.AssertionError"><![CDATA[java.lang.AssertionError: 
1 expectation failed.
JSON path [0].languages.values() doesn't match.
Expected: a collection containing "South African Sign Language"
  Actual: <[Afrikaans, English, Southern Ndebele, Northern Sotho, Southern Sotho, Swazi, Tswana, Tsonga, Venda, Xhosa, Zulu]>

	at com.securitease.api.CountriesApiTest.testSouthAfricaIncludesSignLanguage(CountriesApiTest.java:55)
]]></failure>
  </testcase>
  <testcase name="testTotalNumberOfCountries" classname="com.securitease.api.CountriesApiTest" time="0.359"/>
</testsuite>